
=== Sat Apr 27 19:07:59 2019

Packages were changed.
Update Mode: updateDependencies

The following packages were added:
  com.unity.collab-proxy@1.2.15
The following packages were updated:
  com.unity.analytics from version 2.0.16 to 3.2.2
  com.unity.package-manager-ui from version 1.9.11 to 2.0.7
  com.unity.postprocessing from version 2.0.7-preview to 2.0.15-preview
  com.unity.render-pipelines.core from version 1.1.8-preview to 4.1.0-preview
  com.unity.render-pipelines.lightweight from version 1.1.10-preview to 4.1.0-preview
  com.unity.textmeshpro from version 1.2.4 to 1.3.0

=== Sat Apr 27 19:35:55 2019

Packages were changed.
Update Mode: resetToDefaultDependencies

The following packages were removed:
  com.unity.cinemachine@2.1.13
  com.unity.postprocessing@2.0.15-preview
  com.unity.render-pipelines.core@4.1.0-preview
  com.unity.render-pipelines.lightweight@4.1.0-preview

=== Mon Jun  3 12:47:33 2019

Packages were changed.
Update Mode: updateDependencies

The following packages were added:
  com.unity.timeline@1.0.0
  com.unity.multiplayer-hlapi@1.0.2
  com.unity.xr.legacyinputhelpers@2.0.2
The following packages were updated:
  com.unity.analytics from version 3.2.2 to 3.3.2
  com.unity.cinemachine from version 2.2.8 to 2.3.3
  com.unity.package-manager-ui from version 2.0.7 to 2.1.2
  com.unity.purchasing from version 2.0.3 to 2.0.6
  com.unity.textmeshpro from version 1.3.0 to 2.0.0
